<-Start->2017-04-18 15:47:14,577<-Sep->DEBUG<-Sep->com.ibm.appscan.frameworks.analyzers.generic.LangIndependentWalaUtil<-Sep->com.ibm.appscan.frameworks.analyzers.generic.LangIndependentWalaUtil.logAllWarningsAndClear(LangIndependentWalaUtil.java:31)<-Sep->WALA warnings:<-Sep->
<-Start->2017-04-18 15:47:14,608<-Sep->DEBUG<-Sep->com.ibm.appscan.frameworks.analyzers.generic.LangIndependentWalaUtil<-Sep->com.ibm.appscan.frameworks.analyzers.generic.LangIndependentWalaUtil.logAllWarningsAndClear(LangIndependentWalaUtil.java:32)<-Sep->1. [Moderate] class com.ibm.wala.ipa.cha.ClassHierarchy$ClassExclusion : <Extension,Lorg/apache/jasper/JspC> No superclass found for <Extension,Lorg/apache/jasper/JspC> Superclass name Lorg/apache/tools/ant/Task
2. [Moderate] class com.ibm.wala.ipa.cha.ClassHierarchy$ClassExclusion : <Extension,Lorg/apache/jasper/compiler/AntCompiler$JasperAntLogger> No superclass found for <Extension,Lorg/apache/jasper/compiler/AntCompiler$JasperAntLogger> Superclass name Lorg/apache/tools/ant/DefaultLogger
3. [Moderate] class com.ibm.wala.ipa.cha.ClassHierarchy$ClassExclusion : <Primordial,Lcom/ibm/security/cert/X509V1CertImpl> No superclass found for <Primordial,Lcom/ibm/security/cert/X509V1CertImpl> Superclass name Ljavax/security/cert/X509Certificate
4. [Moderate] class com.ibm.wala.ipa.cha.ClassHierarchy$ClassExclusion : <Primordial,Lcom/ibm/security/smime/jmail/SMIMEMimeMessage> No superclass found for <Primordial,Lcom/ibm/security/smime/jmail/SMIMEMimeMessage> Superclass name Ljavax/mail/internet/MimeMessage
5. [Moderate] class com.ibm.wala.ipa.cha.ClassHierarchy$ClassExclusion : <Primordial,Lcom/ibm/security/smime/jmail/SMIMEMimeMultipart> No superclass found for <Primordial,Lcom/ibm/security/smime/jmail/SMIMEMimeMultipart> Superclass name Ljavax/mail/internet/MimeMultipart
6. [Moderate] class com.ibm.wala.ipa.cha.ClassHierarchy$ClassExclusion : <Primordial,Lcom/sun/corba/se/impl/activation/RepositoryImpl> No superclass found for <Primordial,Lcom/sun/corba/se/spi/activation/_RepositoryImplBase> Superclass name Lorg/omg/CORBA/portable/ObjectImpl
7. [Moderate] class com.ibm.wala.ipa.cha.ClassHierarchy$ClassExclusion : <Primordial,Lcom/sun/corba/se/impl/activation/ServerCallback> No superclass found for <Primordial,Lcom/sun/corba/se/spi/activation/_ServerImplBase> Superclass name Lorg/omg/CORBA/portable/ObjectImpl
8. [Moderate] class com.ibm.wala.ipa.cha.ClassHierarchy$ClassExclusion : <Primordial,Lcom/sun/corba/se/impl/activation/ServerManagerImpl> No superclass found for <Primordial,Lcom/sun/corba/se/spi/activation/_ServerManagerImplBase> Superclass name Lorg/omg/CORBA/portable/ObjectImpl
9. [Moderate] class com.ibm.wala.ipa.cha.ClassHierarchy$ClassExclusion : <Primordial,Lcom/sun/corba/se/impl/corba/AnyImpl$AnyInputStream> No superclass found for <Primordial,Lcom/sun/corba/se/impl/encoding/CDRInputStream> Superclass name Lorg/omg/CORBA_2_3/portable/InputStream
10. [Moderate] class com.ibm.wala.ipa.cha.ClassHierarchy$ClassExclusion : <Primordial,Lcom/sun/corba/se/impl/corba/AnyImpl$AnyOutputStream> No superclass found for <Primordial,Lcom/sun/corba/se/impl/encoding/CDROutputStream> Superclass name Lorg/omg/CORBA_2_3/portable/OutputStream
11. [Moderate] class com.ibm.wala.ipa.cha.ClassHierarchy$ClassExclusion : <Primordial,Lcom/sun/corba/se/impl/corba/AnyImpl> No superclass found for <Primordial,Lcom/sun/corba/se/impl/corba/AnyImpl> Superclass name Lorg/omg/CORBA/Any
12. [Moderate] class com.ibm.wala.ipa.cha.ClassHierarchy$ClassExclusion : <Primordial,Lcom/sun/corba/se/impl/corba/CORBAObjectImpl> No superclass found for <Primordial,Lcom/sun/corba/se/impl/corba/CORBAObjectImpl> Superclass name Lorg/omg/CORBA_2_3/portable/ObjectImpl
13. [Moderate] class com.ibm.wala.ipa.cha.ClassHierarchy$ClassExclusion : <Primordial,Lcom/sun/corba/se/impl/corba/ContextImpl> No superclass found for <Primordial,Lcom/sun/corba/se/impl/corba/ContextImpl> Superclass name Lorg/omg/CORBA/Context
14. [Moderate] class com.ibm.wala.ipa.cha.ClassHierarchy$ClassExclusion : <Primordial,Lcom/sun/corba/se/impl/corba/ContextListImpl> No superclass found for <Primordial,Lcom/sun/corba/se/impl/corba/ContextListImpl> Superclass name Lorg/omg/CORBA/ContextList
15. [Moderate] class com.ibm.wala.ipa.cha.ClassHierarchy$ClassExclusion : <Primordial,Lcom/sun/corba/se/impl/corba/EnvironmentImpl> No superclass found for <Primordial,Lcom/sun/corba/se/impl/corba/EnvironmentImpl> Superclass name Lorg/omg/CORBA/Environment
16. [Moderate] class com.ibm.wala.ipa.cha.ClassHierarchy$ClassExclusion : <Primordial,Lcom/sun/corba/se/impl/corba/ExceptionListImpl> No superclass found for <Primordial,Lcom/sun/corba/se/impl/corba/ExceptionListImpl> Superclass name Lorg/omg/CORBA/ExceptionList
17. [Moderate] class com.ibm.wala.ipa.cha.ClassHierarchy$ClassExclusion : <Primordial,Lcom/sun/corba/se/impl/corba/NVListImpl> No superclass found for <Primordial,Lcom/sun/corba/se/impl/corba/NVListImpl> Superclass name Lorg/omg/CORBA/NVList
18. [Moderate] class com.ibm.wala.ipa.cha.ClassHierarchy$ClassExclusion : <Primordial,Lcom/sun/corba/se/impl/corba/NamedValueImpl> No superclass found for <Primordial,Lcom/sun/corba/se/impl/corba/NamedValueImpl> Superclass name Lorg/omg/CORBA/NamedValue
19. [Moderate] class com.ibm.wala.ipa.cha.ClassHierarchy$ClassExclusion : <Primordial,Lcom/sun/corba/se/impl/corba/PrincipalImpl> No superclass found for <Primordial,Lcom/sun/corba/se/impl/corba/PrincipalImpl> Superclass name Lorg/omg/CORBA/Principal
20. [Moderate] class com.ibm.wala.ipa.cha.ClassHierarchy$ClassExclusion : <Primordial,Lcom/sun/corba/se/impl/corba/RequestImpl> No superclass found for <Primordial,Lcom/sun/corba/se/impl/corba/RequestImpl> Superclass name Lorg/omg/CORBA/Request
21. [Moderate] class com.ibm.wala.ipa.cha.ClassHierarchy$ClassExclusion : <Primordial,Lcom/sun/corba/se/impl/corba/ServerRequestImpl> No superclass found for <Primordial,Lcom/sun/corba/se/impl/corba/ServerRequestImpl> Superclass name Lorg/omg/CORBA/ServerRequest
22. [Moderate] class com.ibm.wala.ipa.cha.ClassHierarchy$ClassExclusion : <Primordial,Lcom/sun/corba/se/impl/corba/TypeCodeImpl> No superclass found for <Primordial,Lcom/sun/corba/se/impl/corba/TypeCodeImpl> Superclass name Lorg/omg/CORBA/TypeCode
23. [Moderate] class com.ibm.wala.ipa.cha.ClassHierarchy$ClassExclusion : <Primordial,Lcom/sun/corba/se/impl/dynamicany/DynAnyBasicImpl> No superclass found for <Primordial,Lcom/sun/corba/se/impl/dynamicany/DynAnyImpl> Superclass name Lorg/omg/CORBA/LocalObject
24. [Moderate] class com.ibm.wala.ipa.cha.ClassHierarchy$ClassExclusion : <Primordial,Lcom/sun/corba/se/impl/dynamicany/DynAnyCollectionImpl> No superclass found for <Primordial,Lcom/sun/corba/se/impl/dynamicany/DynAnyImpl> Superclass name Lorg/omg/CORBA/LocalObject
25. [Moderate] class com.ibm.wala.ipa.cha.ClassHierarchy$ClassExclusion : <Primordial,Lcom/sun/corba/se/impl/dynamicany/DynAnyComplexImpl> No superclass found for <Primordial,Lcom/sun/corba/se/impl/dynamicany/DynAnyImpl> Superclass name Lorg/omg/CORBA/LocalObject
26. [Moderate] class com.ibm.wala.ipa.cha.ClassHierarchy$ClassExclusion : <Primordial,Lcom/sun/corba/se/impl/dynamicany/DynAnyConstructedImpl> No superclass found for <Primordial,Lcom/sun/corba/se/impl/dynamicany/DynAnyImpl> Superclass name Lorg/omg/CORBA/LocalObject
27. [Moderate] class com.ibm.wala.ipa.cha.ClassHierarchy$ClassExclusion : <Primordial,Lcom/sun/corba/se/impl/dynamicany/DynAnyFactoryImpl> No superclass found for <Primordial,Lcom/sun/corba/se/impl/dynamicany/DynAnyFactoryImpl> Superclass name Lorg/omg/CORBA/LocalObject
28. [Moderate] class com.ibm.wala.ipa.cha.ClassHierarchy$ClassExclusion : <Primordial,Lcom/sun/corba/se/impl/dynamicany/DynAnyImpl> No superclass found for <Primordial,Lcom/sun/corba/se/impl/dynamicany/DynAnyImpl> Superclass name Lorg/omg/CORBA/LocalObject
29. [Moderate] class com.ibm.wala.ipa.cha.ClassHierarchy$ClassExclusion : <Primordial,Lcom/sun/corba/se/impl/dynamicany/DynArrayImpl> No superclass found for <Primordial,Lcom/sun/corba/se/impl/dynamicany/DynAnyImpl> Superclass name Lorg/omg/CORBA/LocalObject
30. [Moderate] class com.ibm.wala.ipa.cha.ClassHierarchy$ClassExclusion : <Primordial,Lcom/sun/corba/se/impl/dynamicany/DynEnumImpl> No superclass found for <Primordial,Lcom/sun/corba/se/impl/dynamicany/DynAnyImpl> Superclass name Lorg/omg/CORBA/LocalObject
31. [Moderate] class com.ibm.wala.ipa.cha.ClassHierarchy$ClassExclusion : <Primordial,Lcom/sun/corba/se/impl/dynamicany/DynFixedImpl> No superclass found for <Primordial,Lcom/sun/corba/se/impl/dynamicany/DynAnyImpl> Superclass name Lorg/omg/CORBA/LocalObject
32. [Moderate] class com.ibm.wala.ipa.cha.ClassHierarchy$ClassExclusion : <Primordial,Lcom/sun/corba/se/impl/dynamicany/DynSequenceImpl> No superclass found for <Primordial,Lcom/sun/corba/se/impl/dynamicany/DynAnyImpl> Superclass name Lorg/omg/CORBA/LocalObject
33. [Moderate] class com.ibm.wala.ipa.cha.ClassHierarchy$ClassExclusion : <Primordial,Lcom/sun/corba/se/impl/dynamicany/DynStructImpl> No superclass found for <Primordial,Lcom/sun/corba/se/impl/dynamicany/DynAnyImpl> Superclass name Lorg/omg/CORBA/LocalObject
34. [Moderate] class com.ibm.wala.ipa.cha.ClassHierarchy$ClassExclusion : <Primordial,Lcom/sun/corba/se/impl/dynamicany/DynUnionImpl> No superclass found for <Primordial,Lcom/sun/corba/se/impl/dynamicany/DynAnyImpl> Superclass name Lorg/omg/CORBA/LocalObject
35. [Moderate] class com.ibm.wala.ipa.cha.ClassHierarchy$ClassExclusion : <Primordial,Lcom/sun/corba/se/impl/dynamicany/DynValueBoxImpl> No superclass found for <Primordial,Lcom/sun/corba/se/impl/dynamicany/DynAnyImpl> Superclass name Lorg/omg/CORBA/LocalObject
36. [Moderate] class com.ibm.wala.ipa.cha.ClassHierarchy$ClassExclusion : <Primordial,Lcom/sun/corba/se/impl/dynamicany/DynValueCommonImpl> No superclass found for <Primordial,Lcom/sun/corba/se/impl/dynamicany/DynAnyImpl> Superclass name Lorg/omg/CORBA/LocalObject
37. [Moderate] class com.ibm.wala.ipa.cha.ClassHierarchy$ClassExclusion : <Primordial,Lcom/sun/corba/se/impl/dynamicany/DynValueImpl> No superclass found for <Primordial,Lcom/sun/corba/se/impl/dynamicany/DynAnyImpl> Superclass name Lorg/omg/CORBA/LocalObject
38. [Moderate] class com.ibm.wala.ipa.cha.ClassHierarchy$ClassExclusion : <Primordial,Lcom/sun/corba/se/impl/encoding/CDRInputObject> No superclass found for <Primordial,Lcom/sun/corba/se/impl/encoding/CDRInputStream> Superclass name Lorg/omg/CORBA_2_3/portable/InputStream
39. [Moderate] class com.ibm.wala.ipa.cha.ClassHierarchy$ClassExclusion : <Primordial,Lcom/sun/corba/se/impl/encoding/CDRInputStream> No superclass found for <Primordial,Lcom/sun/corba/se/impl/encoding/CDRInputStream> Superclass name Lorg/omg/CORBA_2_3/portable/InputStream
40. [Moderate] class com.ibm.wala.ipa.cha.ClassHierarchy$ClassExclusion : <Primordial,Lcom/sun/corba/se/impl/encoding/CDROutputObject> No superclass found for <Primordial,Lcom/sun/corba/se/impl/encoding/CDROutputStream> Superclass name Lorg/omg/CORBA_2_3/portable/OutputStream
41. [Moderate] class com.ibm.wala.ipa.cha.ClassHierarchy$ClassExclusion : <Primordial,Lcom/sun/corba/se/impl/encoding/CDROutputStream> No superclass found for <Primordial,Lcom/sun/corba/se/impl/encoding/CDROutputStream> Superclass name Lorg/omg/CORBA_2_3/portable/OutputStream
42. [Moderate] class com.ibm.wala.ipa.cha.ClassHierarchy$ClassExclusion : <Primordial,Lcom/sun/corba/se/impl/encoding/CachedCodeBase> No superclass found for <Primordial,Lcom/sun/org/omg/SendingContext/_CodeBaseImplBase> Superclass name Lorg/omg/CORBA/portable/ObjectImpl
43. [Moderate] class com.ibm.wala.ipa.cha.ClassHierarchy$ClassExclusion : <Primordial,Lcom/sun/corba/se/impl/encoding/EncapsInputStream> No superclass found for <Primordial,Lcom/sun/corba/se/impl/encoding/CDRInputStream> Superclass name Lorg/omg/CORBA_2_3/portable/InputStream
44. [Moderate] class com.ibm.wala.ipa.cha.ClassHierarchy$ClassExclusion : <Primordial,Lcom/sun/corba/se/impl/encoding/EncapsOutputStream> No superclass found for <Primordial,Lcom/sun/corba/se/impl/encoding/CDROutputStream> Superclass name Lorg/omg/CORBA_2_3/portable/OutputStream
45. [Moderate] class com.ibm.wala.ipa.cha.ClassHierarchy$ClassExclusion : <Primordial,Lcom/sun/corba/se/impl/encoding/TypeCodeInputStream> No superclass found for <Primordial,Lcom/sun/corba/se/impl/encoding/CDRInputStream> Superclass name Lorg/omg/CORBA_2_3/portable/InputStream
46. [Moderate] class com.ibm.wala.ipa.cha.ClassHierarchy$ClassExclusion : <Primordial,Lcom/sun/corba/se/impl/encoding/TypeCodeOutputStream> No superclass found for <Primordial,Lcom/sun/corba/se/impl/encoding/CDROutputStream> Superclass name Lorg/omg/CORBA_2_3/portable/OutputStream
47. [Moderate] class com.ibm.wala.ipa.cha.ClassHierarchy$ClassExclusion : <Primordial,Lcom/sun/corba/se/impl/encoding/WrapperInputStream> No superclass found for <Primordial,Lcom/sun/corba/se/impl/encoding/WrapperInputStream> Superclass name Lorg/omg/CORBA_2_3/portable/InputStream
48. [Moderate] class com.ibm.wala.ipa.cha.ClassHierarchy$ClassExclusion : <Primordial,Lcom/sun/corba/se/impl/interceptors/CDREncapsCodec> No superclass found for <Primordial,Lcom/sun/corba/se/impl/interceptors/CDREncapsCodec> Superclass name Lorg/omg/CORBA/LocalObject
49. [Moderate] class com.ibm.wala.ipa.cha.ClassHierarchy$ClassExclusion : <Primordial,Lcom/sun/corba/se/impl/interceptors/ClientRequestInfoImpl> No superclass found for <Primordial,Lcom/sun/corba/se/impl/interceptors/RequestInfoImpl> Superclass name Lorg/omg/CORBA/LocalObject
50. [Moderate] class com.ibm.wala.ipa.cha.ClassHierarchy$ClassExclusion : <Primordial,Lcom/sun/corba/se/impl/interceptors/CodecFactoryImpl> No superclass found for <Primordial,Lcom/sun/corba/se/impl/interceptors/CodecFactoryImpl> Superclass name Lorg/omg/CORBA/LocalObject
51. [Moderate] class com.ibm.wala.ipa.cha.ClassHierarchy$ClassExclusion : <Primordial,Lcom/sun/corba/se/impl/interceptors/IORInfoImpl> No superclass found for <Primordial,Lcom/sun/corba/se/impl/interceptors/IORInfoImpl> Superclass name Lorg/omg/CORBA/LocalObject
52. [Moderate] class com.ibm.wala.ipa.cha.ClassHierarchy$ClassExclusion : <Primordial,Lcom/sun/corba/se/impl/interceptors/ORBInitInfoImpl> No superclass found for <Primordial,Lcom/sun/corba/se/impl/interceptors/ORBInitInfoImpl> Superclass name Lorg/omg/CORBA/LocalObject
53. [Moderate] class com.ibm.wala.ipa.cha.ClassHierarchy$ClassExclusion : <Primordial,Lcom/sun/corba/se/impl/interceptors/PICurrent> No superclass found for <Primordial,Lcom/sun/corba/se/impl/interceptors/PICurrent> Superclass name Lorg/omg/CORBA/LocalObject
54. [Moderate] class com.ibm.wala.ipa.cha.ClassHierarchy$ClassExclusion : <Primordial,Lcom/sun/corba/se/impl/interceptors/RequestInfoImpl> No superclass found for <Primordial,Lcom/sun/corba/se/impl/interceptors/RequestInfoImpl> Superclass name Lorg/omg/CORBA/LocalObject
55. [Moderate] class com.ibm.wala.ipa.cha.ClassHierarchy$ClassExclusion : <Primordial,Lcom/sun/corba/se/impl/interceptors/ServerRequestInfoImpl> No superclass found for <Primordial,Lcom/sun/corba/se/impl/interceptors/RequestInfoImpl> Superclass name Lorg/omg/CORBA/LocalObject
56. [Moderate] class com.ibm.wala.ipa.cha.ClassHierarchy$ClassExclusion : <Primordial,Lcom/sun/corba/se/impl/io/FVDCodeBaseImpl> No superclass found for <Primordial,Lcom/sun/org/omg/SendingContext/_CodeBaseImplBase> Superclass name Lorg/omg/CORBA/portable/ObjectImpl
57. [Moderate] class com.ibm.wala.ipa.cha.ClassHierarchy$ClassExclusion : <Primordial,Lcom/sun/corba/se/impl/naming/cosnaming/BindingIteratorImpl> No superclass found for <Primordial,Lcom/sun/corba/se/impl/naming/cosnaming/BindingIteratorImpl> Superclass name Lorg/omg/CosNaming/BindingIteratorPOA
58. [Moderate] class com.ibm.wala.ipa.cha.ClassHierarchy$ClassExclusion : <Primordial,Lcom/sun/corba/se/impl/naming/cosnaming/NamingContextImpl> No superclass found for <Primordial,Lcom/sun/corba/se/impl/naming/cosnaming/NamingContextImpl> Superclass name Lorg/omg/CosNaming/NamingContextExtPOA
59. [Moderate] class com.ibm.wala.ipa.cha.ClassHierarchy$ClassExclusion : <Primordial,Lcom/sun/corba/se/impl/naming/cosnaming/TransientBindingIterator> No superclass found for <Primordial,Lcom/sun/corba/se/impl/naming/cosnaming/BindingIteratorImpl> Superclass name Lorg/omg/CosNaming/BindingIteratorPOA
60. [Moderate] class com.ibm.wala.ipa.cha.ClassHierarchy$ClassExclusion : <Primordial,Lcom/sun/corba/se/impl/naming/cosnaming/TransientNamingContext> No superclass found for <Primordial,Lcom/sun/corba/se/impl/naming/cosnaming/NamingContextImpl> Superclass name Lorg/omg/CosNaming/NamingContextExtPOA
61. [Moderate] class com.ibm.wala.ipa.cha.ClassHierarchy$ClassExclusion : <Primordial,Lcom/sun/corba/se/impl/naming/pcosnaming/NamingContextImpl> No superclass found for <Primordial,Lcom/sun/corba/se/impl/naming/pcosnaming/NamingContextImpl> Superclass name Lorg/omg/CosNaming/NamingContextExtPOA
62. [Moderate] class com.ibm.wala.ipa.cha.ClassHierarchy$ClassExclusion : <Primordial,Lcom/sun/corba/se/impl/naming/pcosnaming/PersistentBindingIterator> No superclass found for <Primordial,Lcom/sun/corba/se/impl/naming/cosnaming/BindingIteratorImpl> Superclass name Lorg/omg/CosNaming/BindingIteratorPOA
63. [Moderate] class com.ibm.wala.ipa.cha.ClassHierarchy$ClassExclusion : <Primordial,Lcom/sun/corba/se/impl/naming/pcosnaming/ServantManagerImpl> No superclass found for <Primordial,Lcom/sun/corba/se/impl/naming/pcosnaming/ServantManagerImpl> Superclass name Lorg/omg/CORBA/LocalObject
64. [Moderate] class com.ibm.wala.ipa.cha.ClassHierarchy$ClassExclusion : <Primordial,Lcom/sun/corba/se/impl/oa/poa/IdAssignmentPolicyImpl> No superclass found for <Primordial,Lcom/sun/corba/se/impl/oa/poa/IdAssignmentPolicyImpl> Superclass name Lorg/omg/CORBA/LocalObject
65. [Moderate] class com.ibm.wala.ipa.cha.ClassHierarchy$ClassExclusion : <Primordial,Lcom/sun/corba/se/impl/oa/poa/IdUniquenessPolicyImpl> No superclass found for <Primordial,Lcom/sun/corba/se/impl/oa/poa/IdUniquenessPolicyImpl> Superclass name Lorg/omg/CORBA/LocalObject
66. [Moderate] class com.ibm.wala.ipa.cha.ClassHierarchy$ClassExclusion : <Primordial,Lcom/sun/corba/se/impl/oa/poa/ImplicitActivationPolicyImpl> No superclass found for <Primordial,Lcom/sun/corba/se/impl/oa/poa/ImplicitActivationPolicyImpl> Superclass name Lorg/omg/CORBA/LocalObject
67. [Moderate] class com.ibm.wala.ipa.cha.ClassHierarchy$ClassExclusion : <Primordial,Lcom/sun/corba/se/impl/oa/poa/LifespanPolicyImpl> No superclass found for <Primordial,Lcom/sun/corba/se/impl/oa/poa/LifespanPolicyImpl> Superclass name Lorg/omg/CORBA/LocalObject
68. [Moderate] class com.ibm.wala.ipa.cha.ClassHierarchy$ClassExclusion : <Primordial,Lcom/sun/corba/se/impl/oa/poa/POACurrent> No superclass found for <Primordial,Lcom/sun/corba/se/impl/oa/poa/POACurrent> Superclass name Lorg/omg/CORBA/portable/ObjectImpl
69. [Moderate] class com.ibm.wala.ipa.cha.ClassHierarchy$ClassExclusion : <Primordial,Lcom/sun/corba/se/impl/oa/poa/POAImpl> No superclass found for <Primordial,Lcom/sun/corba/se/spi/oa/ObjectAdapterBase> Superclass name Lorg/omg/CORBA/LocalObject
70. [Moderate] class com.ibm.wala.ipa.cha.ClassHierarchy$ClassExclusion : <Primordial,Lcom/sun/corba/se/impl/oa/poa/POAManagerImpl> No superclass found for <Primordial,Lcom/sun/corba/se/impl/oa/poa/POAManagerImpl> Superclass name Lorg/omg/CORBA/LocalObject
71. [Moderate] class com.ibm.wala.ipa.cha.ClassHierarchy$ClassExclusion : <Primordial,Lcom/sun/corba/se/impl/oa/poa/RequestProcessingPolicyImpl> No superclass found for <Primordial,Lcom/sun/corba/se/impl/oa/poa/RequestProcessingPolicyImpl> Superclass name Lorg/omg/CORBA/LocalObject
72. [Moderate] class com.ibm.wala.ipa.cha.ClassHierarchy$ClassExclusion : <Primordial,Lcom/sun/corba/se/impl/oa/poa/ServantRetentionPolicyImpl> No superclass found for <Primordial,Lcom/sun/corba/se/impl/oa/poa/ServantRetentionPolicyImpl> Superclass name Lorg/omg/CORBA/LocalObject
73. [Moderate] class com.ibm.wala.ipa.cha.ClassHierarchy$ClassExclusion : <Primordial,Lcom/sun/corba/se/impl/oa/poa/ThreadPolicyImpl> No superclass found for <Primordial,Lcom/sun/corba/se/impl/oa/poa/ThreadPolicyImpl> Superclass name Lorg/omg/CORBA/LocalObject
74. [Moderate] class com.ibm.wala.ipa.cha.ClassHierarchy$ClassExclusion : <Primordial,Lcom/sun/corba/se/impl/oa/toa/TOAImpl> No superclass found for <Primordial,Lcom/sun/corba/se/spi/oa/ObjectAdapterBase> Superclass name Lorg/omg/CORBA/LocalObject
75. [Moderate] class com.ibm.wala.ipa.cha.ClassHierarchy$ClassExclusion : <Primordial,Lcom/sun/corba/se/impl/orb/ORBImpl> No superclass found for <Primordial,Lcom/sun/corba/se/org/omg/CORBA/ORB> Superclass name Lorg/omg/CORBA_2_3/ORB
76. [Moderate] class com.ibm.wala.ipa.cha.ClassHierarchy$ClassExclusion : <Primordial,Lcom/sun/corba/se/impl/orb/ORBSingleton> No superclass found for <Primordial,Lcom/sun/corba/se/org/omg/CORBA/ORB> Superclass name Lorg/omg/CORBA_2_3/ORB
77. [Moderate] class com.ibm.wala.ipa.cha.ClassHierarchy$ClassExclusion : <Primordial,Lcom/sun/corba/se/impl/orb/ParserTable$TestORBInitializer1> No superclass found for <Primordial,Lcom/sun/corba/se/impl/orb/ParserTable$TestORBInitializer1> Superclass name Lorg/omg/CORBA/LocalObject
78. [Moderate] class com.ibm.wala.ipa.cha.ClassHierarchy$ClassExclusion : <Primordial,Lcom/sun/corba/se/impl/orb/ParserTable$TestORBInitializer2> No superclass found for <Primordial,Lcom/sun/corba/se/impl/orb/ParserTable$TestORBInitializer2> Superclass name Lorg/omg/CORBA/LocalObject
79. [Moderate] class com.ibm.wala.ipa.cha.ClassHierarchy$ClassExclusion : <Primordial,Lcom/sun/corba/se/impl/presentation/rmi/DynamicStubImpl> No superclass found for <Primordial,Lcom/sun/corba/se/impl/presentation/rmi/DynamicStubImpl> Superclass name Lorg/omg/CORBA_2_3/portable/ObjectImpl
80. [Moderate] class com.ibm.wala.ipa.cha.ClassHierarchy$ClassExclusion : <Primordial,Lcom/sun/corba/se/impl/presentation/rmi/ReflectiveTie> No superclass found for <Primordial,Lcom/sun/corba/se/impl/presentation/rmi/ReflectiveTie> Superclass name Lorg/omg/PortableServer/Servant
81. [Moderate] class com.ibm.wala.ipa.cha.ClassHierarchy$ClassExclusion : <Primordial,Lcom/sun/corba/se/impl/protocol/CorbaClientDelegateImpl> No superclass found for <Primordial,Lcom/sun/corba/se/spi/protocol/CorbaClientDelegate> Superclass name Lorg/omg/CORBA_2_3/portable/Delegate
82. [Moderate] class com.ibm.wala.ipa.cha.ClassHierarchy$ClassExclusion : <Primordial,Lcom/sun/corba/se/internal/Interceptors/PIORB> No superclass found for <Primordial,Lcom/sun/corba/se/org/omg/CORBA/ORB> Superclass name Lorg/omg/CORBA_2_3/ORB
83. [Moderate] class com.ibm.wala.ipa.cha.ClassHierarchy$ClassExclusion : <Primordial,Lcom/sun/corba/se/internal/POA/POAORB> No superclass found for <Primordial,Lcom/sun/corba/se/org/omg/CORBA/ORB> Superclass name Lorg/omg/CORBA_2_3/ORB
84. [Moderate] class com.ibm.wala.ipa.cha.ClassHierarchy$ClassExclusion : <Primordial,Lcom/sun/corba/se/internal/corba/ORBSingleton> No superclass found for <Primordial,Lcom/sun/corba/se/org/omg/CORBA/ORB> Superclass name Lorg/omg/CORBA_2_3/ORB
85. [Moderate] class com.ibm.wala.ipa.cha.ClassHierarchy$ClassExclusion : <Primordial,Lcom/sun/corba/se/internal/iiop/ORB> No superclass found for <Primordial,Lcom/sun/corba/se/org/omg/CORBA/ORB> Superclass name Lorg/omg/CORBA_2_3/ORB
86. [Moderate] class com.ibm.wala.ipa.cha.ClassHierarchy$ClassExclusion : <Primordial,Lcom/sun/corba/se/org/omg/CORBA/ORB> No superclass found for <Primordial,Lcom/sun/corba/se/org/omg/CORBA/ORB> Superclass name Lorg/omg/CORBA_2_3/ORB
87. [Moderate] class com.ibm.wala.ipa.cha.ClassHierarchy$ClassExclusion : <Primordial,Lcom/sun/corba/se/spi/activation/BadServerDefinition> No superclass found for <Primordial,Lcom/sun/corba/se/spi/activation/BadServerDefinition> Superclass name Lorg/omg/CORBA/UserException
88. [Moderate] class com.ibm.wala.ipa.cha.ClassHierarchy$ClassExclusion : <Primordial,Lcom/sun/corba/se/spi/activation/InitialNameServicePackage/NameAlreadyBound> No superclass found for <Primordial,Lcom/sun/corba/se/spi/activation/InitialNameServicePackage/NameAlreadyBound> Superclass name Lorg/omg/CORBA/UserException
89. [Moderate] class com.ibm.wala.ipa.cha.ClassHierarchy$ClassExclusion : <Primordial,Lcom/sun/corba/se/spi/activation/InvalidORBid> No superclass found for <Primordial,Lcom/sun/corba/se/spi/activation/InvalidORBid> Superclass name Lorg/omg/CORBA/UserException
90. [Moderate] class com.ibm.wala.ipa.cha.ClassHierarchy$ClassExclusion : <Primordial,Lcom/sun/corba/se/spi/activation/NoSuchEndPoint> No superclass found for <Primordial,Lcom/sun/corba/se/spi/activation/NoSuchEndPoint> Superclass name Lorg/omg/CORBA/UserException
91. [Moderate] class com.ibm.wala.ipa.cha.ClassHierarchy$ClassExclusion : <Primordial,Lcom/sun/corba/se/spi/activation/ORBAlreadyRegistered> No superclass found for <Primordial,Lcom/sun/corba/se/spi/activation/ORBAlreadyRegistered> Superclass name Lorg/omg/CORBA/UserException
92. [Moderate] class com.ibm.wala.ipa.cha.ClassHierarchy$ClassExclusion : <Primordial,Lcom/sun/corba/se/spi/activation/ServerAlreadyActive> No superclass found for <Primordial,Lcom/sun/corba/se/spi/activation/ServerAlreadyActive> Superclass name Lorg/omg/CORBA/UserException
93. [Moderate] class com.ibm.wala.ipa.cha.ClassHierarchy$ClassExclusion : <Primordial,Lcom/sun/corba/se/spi/activation/ServerAlreadyInstalled> No superclass found for <Primordial,Lcom/sun/corba/se/spi/activation/ServerAlreadyInstalled> Superclass name Lorg/omg/CORBA/UserException
94. [Moderate] class com.ibm.wala.ipa.cha.ClassHierarchy$ClassExclusion : <Primordial,Lcom/sun/corba/se/spi/activation/ServerAlreadyRegistered> No superclass found for <Primordial,Lcom/sun/corba/se/spi/activation/ServerAlreadyRegistered> Superclass name Lorg/omg/CORBA/UserException
95. [Moderate] class com.ibm.wala.ipa.cha.ClassHierarchy$ClassExclusion : <Primordial,Lcom/sun/corba/se/spi/activation/ServerAlreadyUninstalled> No superclass found for <Primordial,Lcom/sun/corba/se/spi/activation/ServerAlreadyUninstalled> Superclass name Lorg/omg/CORBA/UserException
96. [Moderate] class com.ibm.wala.ipa.cha.ClassHierarchy$ClassExclusion : <Primordial,Lcom/sun/corba/se/spi/activation/ServerHeldDown> No superclass found for <Primordial,Lcom/sun/corba/se/spi/activation/ServerHeldDown> Superclass name Lorg/omg/CORBA/UserException
97. [Moderate] class com.ibm.wala.ipa.cha.ClassHierarchy$ClassExclusion : <Primordial,Lcom/sun/corba/se/spi/activation/ServerNotActive> No superclass found for <Primordial,Lcom/sun/corba/se/spi/activation/ServerNotActive> Superclass name Lorg/omg/CORBA/UserException
98. [Moderate] class com.ibm.wala.ipa.cha.ClassHierarchy$ClassExclusion : <Primordial,Lcom/sun/corba/se/spi/activation/ServerNotRegistered> No superclass found for <Primordial,Lcom/sun/corba/se/spi/activation/ServerNotRegistered> Superclass name Lorg/omg/CORBA/UserException
99. [Moderate] class com.ibm.wala.ipa.cha.ClassHierarchy$ClassExclusion : <Primordial,Lcom/sun/corba/se/spi/activation/_ActivatorImplBase> No superclass found for <Primordial,Lcom/sun/corba/se/spi/activation/_ActivatorImplBase> Superclass name Lorg/omg/CORBA/portable/ObjectImpl
100. [Moderate] class com.ibm.wala.ipa.cha.ClassHierarchy$ClassExclusion : <Primordial,Lcom/sun/corba/se/spi/activation/_ActivatorStub> No superclass found for <Primordial,Lcom/sun/corba/se/spi/activation/_ActivatorStub> Superclass name Lorg/omg/CORBA/portable/ObjectImpl
101. [Moderate] class com.ibm.wala.ipa.cha.ClassHierarchy$ClassExclusion : <Primordial,Lcom/sun/corba/se/spi/activation/_InitialNameServiceImplBase> No superclass found for <Primordial,Lcom/sun/corba/se/spi/activation/_InitialNameServiceImplBase> Superclass name Lorg/omg/CORBA/portable/ObjectImpl
102. [Moderate] class com.ibm.wala.ipa.cha.ClassHierarchy$ClassExclusion : <Primordial,Lcom/sun/corba/se/spi/activation/_InitialNameServiceStub> No superclass found for <Primordial,Lcom/sun/corba/se/spi/activation/_InitialNameServiceStub> Superclass name Lorg/omg/CORBA/portable/ObjectImpl
103. [Moderate] class com.ibm.wala.ipa.cha.ClassHierarchy$ClassExclusion : <Primordial,Lcom/sun/corba/se/spi/activation/_LocatorImplBase> No superclass found for <Primordial,Lcom/sun/corba/se/spi/activation/_LocatorImplBase> Superclass name Lorg/omg/CORBA/portable/ObjectImpl
104. [Moderate] class com.ibm.wala.ipa.cha.ClassHierarchy$ClassExclusion : <Primordial,Lcom/sun/corba/se/spi/activation/_LocatorStub> No superclass found for <Primordial,Lcom/sun/corba/se/spi/activation/_LocatorStub> Superclass name Lorg/omg/CORBA/portable/ObjectImpl
105. [Moderate] class com.ibm.wala.ipa.cha.ClassHierarchy$ClassExclusion : <Primordial,Lcom/sun/corba/se/spi/activation/_RepositoryImplBase> No superclass found for <Primordial,Lcom/sun/corba/se/spi/activation/_RepositoryImplBase> Superclass name Lorg/omg/CORBA/portable/ObjectImpl
106. [Moderate] class com.ibm.wala.ipa.cha.ClassHierarchy$ClassExclusion : <Primordial,Lcom/sun/corba/se/spi/activation/_RepositoryStub> No superclass found for <Primordial,Lcom/sun/corba/se/spi/activation/_RepositoryStub> Superclass name Lorg/omg/CORBA/portable/ObjectImpl
107. [Moderate] class com.ibm.wala.ipa.cha.ClassHierarchy$ClassExclusion : <Primordial,Lcom/sun/corba/se/spi/activation/_ServerImplBase> No superclass found for <Primordial,Lcom/sun/corba/se/spi/activation/_ServerImplBase> Superclass name Lorg/omg/CORBA/portable/ObjectImpl
108. [Moderate] class com.ibm.wala.ipa.cha.ClassHierarchy$ClassExclusion : <Primordial,Lcom/sun/corba/se/spi/activation/_ServerManagerImplBase> No superclass found for <Primordial,Lcom/sun/corba/se/spi/activation/_ServerManagerImplBase> Superclass name Lorg/omg/CORBA/portable/ObjectImpl
109. [Moderate] class com.ibm.wala.ipa.cha.ClassHierarchy$ClassExclusion : <Primordial,Lcom/sun/corba/se/spi/activation/_ServerManagerStub> No superclass found for <Primordial,Lcom/sun/corba/se/spi/activation/_ServerManagerStub> Superclass name Lorg/omg/CORBA/portable/ObjectImpl
110. [Moderate] class com.ibm.wala.ipa.cha.ClassHierarchy$ClassExclusion : <Primordial,Lcom/sun/corba/se/spi/activation/_ServerStub> No superclass found for <Primordial,Lcom/sun/corba/se/spi/activation/_ServerStub> Superclass name Lorg/omg/CORBA/portable/ObjectImpl
111. [Moderate] class com.ibm.wala.ipa.cha.ClassHierarchy$ClassExclusion : <Primordial,Lcom/sun/corba/se/spi/encoding/CorbaInputObject> No superclass found for <Primordial,Lcom/sun/corba/se/impl/encoding/CDRInputStream> Superclass name Lorg/omg/CORBA_2_3/portable/InputStream
112. [Moderate] class com.ibm.wala.ipa.cha.ClassHierarchy$ClassExclusion : <Primordial,Lcom/sun/corba/se/spi/encoding/CorbaOutputObject> No superclass found for <Primordial,Lcom/sun/corba/se/impl/encoding/CDROutputStream> Superclass name Lorg/omg/CORBA_2_3/portable/OutputStream
113. [Moderate] class com.ibm.wala.ipa.cha.ClassHierarchy$ClassExclusion : <Primordial,Lcom/sun/corba/se/spi/extension/CopyObjectPolicy> No superclass found for <Primordial,Lcom/sun/corba/se/spi/extension/CopyObjectPolicy> Superclass name Lorg/omg/CORBA/LocalObject
114. [Moderate] class com.ibm.wala.ipa.cha.ClassHierarchy$ClassExclusion : <Primordial,Lcom/sun/corba/se/spi/extension/RequestPartitioningPolicy> No superclass found for <Primordial,Lcom/sun/corba/se/spi/extension/RequestPartitioningPolicy> Superclass name Lorg/omg/CORBA/LocalObject
115. [Moderate] class com.ibm.wala.ipa.cha.ClassHierarchy$ClassExclusion : <Primordial,Lcom/sun/corba/se/spi/extension/ServantCachingPolicy> No superclass found for <Primordial,Lcom/sun/corba/se/spi/extension/ServantCachingPolicy> Superclass name Lorg/omg/CORBA/LocalObject
116. [Moderate] class com.ibm.wala.ipa.cha.ClassHierarchy$ClassExclusion : <Primordial,Lcom/sun/corba/se/spi/extension/ZeroPortPolicy> No superclass found for <Primordial,Lcom/sun/corba/se/spi/extension/ZeroPortPolicy> Superclass name Lorg/omg/CORBA/LocalObject
117. [Moderate] class com.ibm.wala.ipa.cha.ClassHierarchy$ClassExclusion : <Primordial,Lcom/sun/corba/se/spi/oa/OAInvocationInfo> No superclass found for <Primordial,Lcom/sun/corba/se/spi/oa/OAInvocationInfo> Superclass name Lorg/omg/CORBA/portable/ServantObject
118. [Moderate] class com.ibm.wala.ipa.cha.ClassHierarchy$ClassExclusion : <Primordial,Lcom/sun/corba/se/spi/oa/ObjectAdapterBase> No superclass found for <Primordial,Lcom/sun/corba/se/spi/oa/ObjectAdapterBase> Superclass name Lorg/omg/CORBA/LocalObject
119. [Moderate] class com.ibm.wala.ipa.cha.ClassHierarchy$ClassExclusion : <Primordial,Lcom/sun/corba/se/spi/orb/ORB> No superclass found for <Primordial,Lcom/sun/corba/se/org/omg/CORBA/ORB> Superclass name Lorg/omg/CORBA_2_3/ORB
120. [Moderate] class com.ibm.wala.ipa.cha.ClassHierarchy$ClassExclusion : <Primordial,Lcom/sun/corba/se/spi/protocol/CorbaClientDelegate> No superclass found for <Primordial,Lcom/sun/corba/se/spi/protocol/CorbaClientDelegate> Superclass name Lorg/omg/CORBA_2_3/portable/Delegate
121. [Moderate] class com.ibm.wala.ipa.cha.ClassHierarchy$ClassExclusion : <Primordial,Lcom/sun/jmx/remote/protocol/iiop/ProxyInputStream> No superclass found for <Primordial,Lcom/sun/jmx/remote/protocol/iiop/ProxyInputStream> Superclass name Lorg/omg/CORBA_2_3/portable/InputStream
122. [Moderate] class com.ibm.wala.ipa.cha.ClassHierarchy$ClassExclusion : <Primordial,Lcom/sun/net/ssl/internal/www/protocol/https/Handler> No superclass found for <Primordial,Lcom/sun/net/ssl/internal/www/protocol/https/Handler> Superclass name Lcom/ibm/net/ssl/www2/protocol/https/Handler
123. [Moderate] class com.ibm.wala.ipa.cha.ClassHierarchy$ClassExclusion : <Primordial,Lcom/sun/org/omg/CORBA/_IDLTypeStub> No superclass found for <Primordial,Lcom/sun/org/omg/CORBA/_IDLTypeStub> Superclass name Lorg/omg/CORBA/portable/ObjectImpl
124. [Moderate] class com.ibm.wala.ipa.cha.ClassHierarchy$ClassExclusion : <Primordial,Lcom/sun/org/omg/SendingContext/_CodeBaseImplBase> No superclass found for <Primordial,Lcom/sun/org/omg/SendingContext/_CodeBaseImplBase> Superclass name Lorg/omg/CORBA/portable/ObjectImpl
125. [Moderate] class com.ibm.wala.ipa.cha.ClassHierarchy$ClassExclusion : <Primordial,Lcom/sun/org/omg/SendingContext/_CodeBaseStub> No superclass found for <Primordial,Lcom/sun/org/omg/SendingContext/_CodeBaseStub> Superclass name Lorg/omg/CORBA/portable/ObjectImpl
126. [Moderate] class com.ibm.wala.ipa.cha.ClassHierarchy$ClassExclusion : <Primordial,Ljavax/management/remote/rmi/_RMIConnectionImpl_Tie> No superclass found for <Primordial,Ljavax/management/remote/rmi/_RMIConnectionImpl_Tie> Superclass name Lorg/omg/CORBA_2_3/portable/ObjectImpl
127. [Moderate] class com.ibm.wala.ipa.cha.ClassHierarchy$ClassExclusion : <Primordial,Ljavax/management/remote/rmi/_RMIServerImpl_Tie> No superclass found for <Primordial,Ljavax/management/remote/rmi/_RMIServerImpl_Tie> Superclass name Lorg/omg/CORBA_2_3/portable/ObjectImpl
128. [Moderate] class com.ibm.wala.ipa.cha.ClassHierarchy$ClassExclusion : <Primordial,Lorg/omg/stub/java/io/_Closeable_Stub> No superclass found for <Primordial,Lorg/omg/stub/java/io/_Closeable_Stub> Superclass name Ljavax/rmi/CORBA/Stub
129. [Moderate] class com.ibm.wala.ipa.cha.ClassHierarchy$ClassExclusion : <Primordial,Lorg/omg/stub/java/lang/_Appendable_Stub> No superclass found for <Primordial,Lorg/omg/stub/java/lang/_Appendable_Stub> Superclass name Ljavax/rmi/CORBA/Stub
130. [Moderate] class com.ibm.wala.ipa.cha.ClassHierarchy$ClassExclusion : <Primordial,Lorg/omg/stub/java/lang/_Cloneable_Stub> No superclass found for <Primordial,Lorg/omg/stub/java/lang/_Cloneable_Stub> Superclass name Ljavax/rmi/CORBA/Stub
131. [Moderate] class com.ibm.wala.ipa.cha.ClassHierarchy$ClassExclusion : <Primordial,Lorg/omg/stub/java/security/_PrivilegedExceptionAction_Stub> No superclass found for <Primordial,Lorg/omg/stub/java/security/_PrivilegedExceptionAction_Stub> Superclass name Ljavax/rmi/CORBA/Stub
132. [Moderate] class com.ibm.wala.ipa.cha.ClassHierarchy$ClassExclusion : <Primordial,Lorg/omg/stub/java/util/_RandomAccess_Stub> No superclass found for <Primordial,Lorg/omg/stub/java/util/_RandomAccess_Stub> Superclass name Ljavax/rmi/CORBA/Stub
133. [Moderate] class com.ibm.wala.ipa.cha.ClassHierarchy$ClassExclusion : <Primordial,Lorg/omg/stub/javax/management/remote/rmi/_RMIConnection_Stub> No superclass found for <Primordial,Lorg/omg/stub/javax/management/remote/rmi/_RMIConnection_Stub> Superclass name Ljavax/rmi/CORBA/Stub
134. [Moderate] class com.ibm.wala.ipa.cha.ClassHierarchy$ClassExclusion : <Primordial,Lorg/omg/stub/javax/management/remote/rmi/_RMIServer_Stub> No superclass found for <Primordial,Lorg/omg/stub/javax/management/remote/rmi/_RMIServer_Stub> Superclass name Ljavax/rmi/CORBA/Stub
135. [Moderate] class com.ibm.wala.ipa.cha.ClassHierarchy$ClassExclusion : <Primordial,Lsun/management/LockInfoCompositeData> No superclass found for <Primordial,Lsun/management/LockInfoCompositeData> Superclass name Lsun/management/LazyCompositeData
136. [Moderate] class com.ibm.wala.ipa.cha.ClassHierarchy$ClassExclusion : <Primordial,Lsun/net/www/protocol/https/Handler> No superclass found for <Primordial,Lsun/net/www/protocol/https/Handler> Superclass name Lcom/ibm/net/ssl/www2/protocol/https/Handler
137. [SEVERE] class com.ibm.wala.classLoader.BytecodeClass$ClassNotFoundWarning : Ljavax/net/ssl/HostnameVerifier
138. [SEVERE] class com.ibm.wala.classLoader.BytecodeClass$ClassNotFoundWarning : Ljavax/rmi/CORBA/PortableRemoteObjectDelegate
139. [SEVERE] class com.ibm.wala.classLoader.BytecodeClass$ClassNotFoundWarning : Ljavax/rmi/CORBA/StubDelegate
140. [SEVERE] class com.ibm.wala.classLoader.BytecodeClass$ClassNotFoundWarning : Ljavax/rmi/CORBA/UtilDelegate
141. [SEVERE] class com.ibm.wala.classLoader.BytecodeClass$ClassNotFoundWarning : Ljavax/rmi/CORBA/ValueHandlerMultiFormat
142. [SEVERE] class com.ibm.wala.classLoader.BytecodeClass$ClassNotFoundWarning : Lorg/apache/tomcat/JarScannerCallback
143. [SEVERE] class com.ibm.wala.classLoader.BytecodeClass$ClassNotFoundWarning : Lorg/apache/tomcat/PeriodicEventListener
144. [SEVERE] class com.ibm.wala.classLoader.BytecodeClass$ClassNotFoundWarning : Lorg/eclipse/jdt/internal/compiler/ICompilerRequestor
145. [SEVERE] class com.ibm.wala.classLoader.BytecodeClass$ClassNotFoundWarning : Lorg/eclipse/jdt/internal/compiler/env/ICompilationUnit
146. [SEVERE] class com.ibm.wala.classLoader.BytecodeClass$ClassNotFoundWarning : Lorg/eclipse/jdt/internal/compiler/env/INameEnvironment
147. [SEVERE] class com.ibm.wala.classLoader.BytecodeClass$ClassNotFoundWarning : Lorg/omg/CORBA/IRObject
148. [SEVERE] class com.ibm.wala.classLoader.BytecodeClass$ClassNotFoundWarning : Lorg/omg/CORBA/Object
149. [SEVERE] class com.ibm.wala.classLoader.BytecodeClass$ClassNotFoundWarning : Lorg/omg/CORBA/portable/BoxedValueHelper
150. [SEVERE] class com.ibm.wala.classLoader.BytecodeClass$ClassNotFoundWarning : Lorg/omg/CORBA/portable/IDLEntity
151. [SEVERE] class com.ibm.wala.classLoader.BytecodeClass$ClassNotFoundWarning : Lorg/omg/CORBA/portable/ResponseHandler
152. [SEVERE] class com.ibm.wala.classLoader.BytecodeClass$ClassNotFoundWarning : Lorg/omg/CORBA/portable/Streamable
153. [SEVERE] class com.ibm.wala.classLoader.BytecodeClass$ClassNotFoundWarning : Lorg/omg/CORBA/portable/StreamableValue
154. [SEVERE] class com.ibm.wala.classLoader.BytecodeClass$ClassNotFoundWarning : Lorg/omg/CORBA/portable/ValueFactory
155. [SEVERE] class com.ibm.wala.classLoader.BytecodeClass$ClassNotFoundWarning : Lorg/omg/PortableInterceptor/ObjectReferenceFactory
156. [SEVERE] class com.ibm.wala.classLoader.BytecodeClass$ClassNotFoundWarning : Lorg/omg/PortableInterceptor/ObjectReferenceTemplate
157. [SEVERE] class com.ibm.wala.classLoader.BytecodeClass$ClassNotFoundWarning : Lorg/omg/PortableServer/portable/Delegate
158. [SEVERE] class com.ibm.wala.classLoader.BytecodeClass$ClassNotFoundWarning : Lorg/omg/SendingContext/RunTime
159. [SEVERE] class com.ibm.wala.classLoader.BytecodeClass$ClassNotFoundWarning : Lorg/omg/SendingContext/RunTimeOperations
<-Sep->
<-Start->2017-04-18 15:47:14,631<-Sep->INFO<-Sep->com.ibm.appscan.frameworks.analyzers.javaee.CoreJavaEEFrameworkHandler<-Sep->com.ibm.appscan.frameworks.analyzers.javaee.CoreJavaEEFrameworkHandler.getFrameworkInfo(CoreJavaEEFrameworkHandler.java:51)<-Sep->Framework handler COREJAVAEE running CoreJavaEEFrameworkHandler::getFrameworkInfo()<-Sep->
<-Start->2017-04-18 15:47:14,849<-Sep->WARN<-Sep->com.ibm.appscan.frameworks.analyzers.javaee.jsp.JSPFile<-Sep->com.ibm.appscan.frameworks.analyzers.javaee.jsp.JSPFile.<init>(JSPFile.java:73)<-Sep->could not find precompiled JSP class AntExp.jsp.userForm_jsp<-Sep->
<-Start->2017-04-18 15:47:15,224<-Sep->WARN<-Sep->com.ibm.appscan.frameworks.analyzers.javaee.jsp.ElAccess<-Sep->com.ibm.appscan.frameworks.analyzers.javaee.jsp.BeanElAccess.<init>(BeanElAccess.java:64)<-Sep->Did not find any method sequences that can perform the access [user, name]<-Sep->
<-Start->2017-04-18 15:47:15,224<-Sep->DEBUG<-Sep->com.ibm.appscan.frameworks.analyzers.javaee.jsp.JSPFile<-Sep->com.ibm.appscan.frameworks.analyzers.javaee.jsp.JSPFile.findAccessPathsInELExpressions(JSPFile.java:116)<-Sep->could not handle EL expression ${user.name}<-Sep->
<-Start->2017-04-18 15:47:15,225<-Sep->WARN<-Sep->com.ibm.appscan.frameworks.analyzers.javaee.jsp.ElAccess<-Sep->com.ibm.appscan.frameworks.analyzers.javaee.jsp.BeanElAccess.<init>(BeanElAccess.java:64)<-Sep->Did not find any method sequences that can perform the access [user, gender]<-Sep->
<-Start->2017-04-18 15:47:15,225<-Sep->DEBUG<-Sep->com.ibm.appscan.frameworks.analyzers.javaee.jsp.JSPFile<-Sep->com.ibm.appscan.frameworks.analyzers.javaee.jsp.JSPFile.findAccessPathsInELExpressions(JSPFile.java:116)<-Sep->could not handle EL expression ${user.gender}<-Sep->
<-Start->2017-04-18 15:47:15,225<-Sep->WARN<-Sep->com.ibm.appscan.frameworks.analyzers.javaee.jsp.ElAccess<-Sep->com.ibm.appscan.frameworks.analyzers.javaee.jsp.BeanElAccess.<init>(BeanElAccess.java:64)<-Sep->Did not find any method sequences that can perform the access [user, country]<-Sep->
<-Start->2017-04-18 15:47:15,226<-Sep->DEBUG<-Sep->com.ibm.appscan.frameworks.analyzers.javaee.jsp.JSPFile<-Sep->com.ibm.appscan.frameworks.analyzers.javaee.jsp.JSPFile.findAccessPathsInELExpressions(JSPFile.java:116)<-Sep->could not handle EL expression ${user.country}<-Sep->
<-Start->2017-04-18 15:47:15,226<-Sep->WARN<-Sep->com.ibm.appscan.frameworks.analyzers.javaee.jsp.ElAccess<-Sep->com.ibm.appscan.frameworks.analyzers.javaee.jsp.BeanElAccess.<init>(BeanElAccess.java:64)<-Sep->Did not find any method sequences that can perform the access [user, aboutYou]<-Sep->
<-Start->2017-04-18 15:47:15,226<-Sep->DEBUG<-Sep->com.ibm.appscan.frameworks.analyzers.javaee.jsp.JSPFile<-Sep->com.ibm.appscan.frameworks.analyzers.javaee.jsp.JSPFile.findAccessPathsInELExpressions(JSPFile.java:116)<-Sep->could not handle EL expression ${user.aboutYou}<-Sep->
<-Start->2017-04-18 15:47:15,227<-Sep->DEBUG<-Sep->com.ibm.appscan.frameworks.analyzers.javaee.jsp.JSPFile<-Sep->com.ibm.appscan.frameworks.analyzers.javaee.jsp.JSPFile.findAccessPathsInELExpressions(JSPFile.java:116)<-Sep->could not handle EL expression ${user.community[0]}<-Sep->
<-Start->2017-04-18 15:47:15,228<-Sep->DEBUG<-Sep->com.ibm.appscan.frameworks.analyzers.javaee.jsp.JSPFile<-Sep->com.ibm.appscan.frameworks.analyzers.javaee.jsp.JSPFile.findAccessPathsInELExpressions(JSPFile.java:116)<-Sep->could not handle EL expression ${user.community[1]}<-Sep->
<-Start->2017-04-18 15:47:15,228<-Sep->DEBUG<-Sep->com.ibm.appscan.frameworks.analyzers.javaee.jsp.JSPFile<-Sep->com.ibm.appscan.frameworks.analyzers.javaee.jsp.JSPFile.findAccessPathsInELExpressions(JSPFile.java:116)<-Sep->could not handle EL expression ${user.community[2]}<-Sep->
<-Start->2017-04-18 15:47:15,229<-Sep->WARN<-Sep->com.ibm.appscan.frameworks.analyzers.javaee.jsp.ElAccess<-Sep->com.ibm.appscan.frameworks.analyzers.javaee.jsp.BeanElAccess.<init>(BeanElAccess.java:64)<-Sep->Did not find any method sequences that can perform the access [user, mailingList]<-Sep->
<-Start->2017-04-18 15:47:15,229<-Sep->DEBUG<-Sep->com.ibm.appscan.frameworks.analyzers.javaee.jsp.JSPFile<-Sep->com.ibm.appscan.frameworks.analyzers.javaee.jsp.JSPFile.findAccessPathsInELExpressions(JSPFile.java:116)<-Sep->could not handle EL expression ${user.mailingList}<-Sep->
<-Start->2017-04-18 15:47:15,237<-Sep->INFO<-Sep->com.ibm.appscan.frameworks.analyzers.javaee.jsp.JSPAnalyzer<-Sep->com.ibm.appscan.frameworks.analyzers.javaee.jsp.JSPAnalyzer.handleAllJSPs(JSPAnalyzer.java:148)<-Sep->Mapped method AntExp.jsp.userSuccess_jsp._jspService(javax.servlet.http.HttpServletRequest;javax.servlet.http.HttpServletResponse):void to url /jsp/userSuccess.jsp<-Sep->
<-Start->2017-04-18 15:47:15,239<-Sep->INFO<-Sep->com.ibm.appscan.frameworks.analyzers.javaee.CoreJavaEEFrameworkHandler<-Sep->com.ibm.appscan.frameworks.analyzers.javaee.CoreJavaEEFrameworkHandler.getFrameworkInfo(CoreJavaEEFrameworkHandler.java:67)<-Sep->Framework handler COREJAVAEE ends<-Sep->
<-Start->2017-04-18 15:47:15,239<-Sep->INFO<-Sep->com.ibm.appscan.frameworks.analyzers.struts1.StrutsV1FrameworkHandler<-Sep->com.ibm.appscan.frameworks.analyzers.struts1.StrutsV1FrameworkHandler.getFrameworkInfo(StrutsV1FrameworkHandler.java:42)<-Sep->Framework handler STRUTSV1 running StrutsV1FrameworkHandler::getFrameworkInfo()<-Sep->
<-Start->2017-04-18 15:47:15,240<-Sep->INFO<-Sep->com.ibm.appscan.frameworks.analyzers.struts1.StrutsV1FrameworkHandler<-Sep->com.ibm.appscan.frameworks.analyzers.struts1.StrutsV1FrameworkHandler.getFrameworkInfo(StrutsV1FrameworkHandler.java:51)<-Sep->Framework handler STRUTSV1 ends<-Sep->
<-Start->2017-04-18 15:47:15,240<-Sep->INFO<-Sep->com.ibm.appscan.frameworks.analyzers.spring.SpringFrameworkHandler<-Sep->com.ibm.appscan.frameworks.analyzers.spring.SpringFrameworkHandler.getFrameworkInfo(SpringFrameworkHandler.java:50)<-Sep->Framework handler SPRING running SpringFrameworkHandler::getFrameworkInfo()<-Sep->
<-Start->2017-04-18 15:47:15,240<-Sep->INFO<-Sep->com.ibm.appscan.frameworks.analyzers.spring.SpringFrameworkHandler<-Sep->com.ibm.appscan.frameworks.analyzers.spring.SpringFrameworkHandler.isSpringApp(SpringFrameworkHandler.java:214)<-Sep->Failed to find org.springframework.web.servlet.DispatcherServlet<-Sep->
<-Start->2017-04-18 15:47:15,240<-Sep->INFO<-Sep->com.ibm.appscan.frameworks.analyzers.spring.SpringFrameworkHandler<-Sep->com.ibm.appscan.frameworks.analyzers.spring.SpringFrameworkHandler.isSpringApp(SpringFrameworkHandler.java:215)<-Sep->isSpringApp() returns false<-Sep->
<-Start->2017-04-18 15:47:15,241<-Sep->INFO<-Sep->com.ibm.appscan.frameworks.analyzers.spring.SpringFrameworkHandler<-Sep->com.ibm.appscan.frameworks.analyzers.spring.SpringFrameworkHandler.getFrameworkInfo(SpringFrameworkHandler.java:81)<-Sep->Framework handler SPRING ends<-Sep->
<-Start->2017-04-18 15:47:15,982<-Sep->INFO<-Sep->com.ibm.appscan.frameworks.handlers.aspdotnetmvc3.Mvc3Handler<-Sep->com.ibm.appscan.frameworks.handlers.aspdotnetmvc3.Mvc3Handler.isApplicable(Mvc3Handler.java:183)<-Sep->Framework handler AspDotNetMVC3 running isApplicable()<-Sep->
<-Start->2017-04-18 15:47:15,982<-Sep->INFO<-Sep->com.ibm.appscan.frameworks.handlers.aspdotnetmvc3.Mvc3Handler<-Sep->com.ibm.appscan.frameworks.handlers.aspdotnetmvc3.Mvc3Handler.isApplicable(Mvc3Handler.java:187)<-Sep->isApplicable() returns false<-Sep->
<-Start->2017-04-18 15:47:15,983<-Sep->INFO<-Sep->com.ibm.appscan.frameworks.handlers.aspdotnetmvc3.Mvc3Handler<-Sep->com.ibm.appscan.frameworks.handlers.aspdotnetmvc3.Mvc3Handler.isApplicable(Mvc3Handler.java:188)<-Sep->Framework handler AspDotNetMVC3 ends<-Sep->
<-Start->2017-04-18 15:47:15,983<-Sep->INFO<-Sep->com.ibm.appscan.frameworks.handlers.jsf2.JSF2Handler<-Sep->com.ibm.appscan.frameworks.handlers.jsf2.JSF2Handler.isApplicable(JSF2Handler.java:86)<-Sep->Framework handler JSF2 running isApplicable()<-Sep->
<-Start->2017-04-18 15:47:15,986<-Sep->INFO<-Sep->com.ibm.appscan.frameworks.handlers.jsf2.JSF2Handler<-Sep->com.ibm.appscan.frameworks.handlers.jsf2.JSF2Handler.isApplicable(JSF2Handler.java:125)<-Sep->Searching for servlet-class javax.faces.webapp.FacesServlet in C:\AntExample1\AntExp_staging\WEB-INF\web.xml<-Sep->
<-Start->2017-04-18 15:47:15,986<-Sep->INFO<-Sep->com.ibm.appscan.frameworks.handlers.jsf2.JSF2Handler<-Sep->com.ibm.appscan.frameworks.handlers.jsf2.JSF2Handler.isApplicable(JSF2Handler.java:135)<-Sep->Searching for servlet-class org.apache.myfaces.webapp.MyFacesServlet in C:\AntExample1\AntExp_staging\WEB-INF\web.xml<-Sep->
<-Start->2017-04-18 15:47:15,986<-Sep->INFO<-Sep->com.ibm.appscan.frameworks.handlers.jsf2.JSF2Handler<-Sep->com.ibm.appscan.frameworks.handlers.jsf2.JSF2Handler.isApplicable(JSF2Handler.java:144)<-Sep->isApplicable() returns false<-Sep->
<-Start->2017-04-18 15:47:15,986<-Sep->INFO<-Sep->com.ibm.appscan.frameworks.handlers.jsf2.JSF2Handler<-Sep->com.ibm.appscan.frameworks.handlers.jsf2.JSF2Handler.isApplicable(JSF2Handler.java:145)<-Sep->Framework handler JSF2 ends<-Sep->
<-Start->2017-04-18 15:47:15,986<-Sep->INFO<-Sep->com.ibm.appscan.frameworks.handlers.spring3.Spring3Handler<-Sep->com.ibm.appscan.frameworks.handlers.spring3.Spring3Handler.isApplicable(Spring3Handler.java:210)<-Sep->Framework handler SPRING3 running isApplicable()<-Sep->
<-Start->2017-04-18 15:47:15,989<-Sep->INFO<-Sep->com.ibm.appscan.frameworks.handlers.spring3.Spring3Handler<-Sep->com.ibm.appscan.frameworks.handlers.spring3.Spring3Handler.handleApp(Spring3Handler.java:40)<-Sep->Framework handler SPRING3 running handleApp()<-Sep->
<-Start->2017-04-18 15:47:15,990<-Sep->INFO<-Sep->com.ibm.appscan.frameworks.handlers.spring3.SpringConfigManager<-Sep->com.ibm.appscan.frameworks.handlers.spring3.SpringConfigManager.findAndParseConfigFiles(SpringConfigManager.java:329)<-Sep->Examining C:\AntExample1\AntExp_staging\WEB-INF\web.xml<-Sep->
<-Start->2017-04-18 15:47:15,992<-Sep->INFO<-Sep->com.ibm.appscan.frameworks.handlers.struts2.Struts2Handler<-Sep->com.ibm.appscan.frameworks.handlers.struts2.Struts2Handler.isApplicable(Struts2Handler.java:315)<-Sep->Framework handler STRUTS2 running isApplicable()<-Sep->
<-Start->2017-04-18 15:47:15,998<-Sep->INFO<-Sep->com.ibm.appscan.frameworks.handlers.struts2.Struts2Handler<-Sep->com.ibm.appscan.frameworks.handlers.struts2.Struts2Handler.isApplicable(Struts2Handler.java:323)<-Sep->Searching for org.apache.struts2.dispatcher.ng.filter.StrutsPrepareAndExecuteFilter or org.apache.struts2.dispatcher.FilterDispatcher in C:\AntExample1\AntExp_staging\WEB-INF\web.xml<-Sep->
<-Start->2017-04-18 15:47:15,998<-Sep->INFO<-Sep->com.ibm.appscan.frameworks.handlers.struts2.Struts2Handler<-Sep->com.ibm.appscan.frameworks.handlers.struts2.Struts2Handler.isApplicable(Struts2Handler.java:329)<-Sep->isApplicable() returns false<-Sep->
<-Start->2017-04-18 15:47:15,998<-Sep->INFO<-Sep->com.ibm.appscan.frameworks.handlers.struts2.Struts2Handler<-Sep->com.ibm.appscan.frameworks.handlers.struts2.Struts2Handler.isApplicable(Struts2Handler.java:331)<-Sep->Framework handler STRUTS2 ends<-Sep->
<-Start->2017-04-18 15:47:15,998<-Sep->INFO<-Sep->com.ibm.appscan.frameworks.highlevelapi.ejb2xhandler.Ejb2xHandler<-Sep->com.ibm.appscan.frameworks.highlevelapi.ejb2xhandler.Ejb2xHandler.isApplicable(Ejb2xHandler.java:94)<-Sep->Framework handler EJB2X running isApplicable()<-Sep->
<-Start->2017-04-18 15:47:16,003<-Sep->INFO<-Sep->com.ibm.appscan.frameworks.highlevelapi.ejb2xhandler.Ejb2xHandler<-Sep->com.ibm.appscan.frameworks.highlevelapi.ejb2xhandler.Ejb2xHandler.findEJBConfigLocations(Ejb2xHandler.java:152)<-Sep->Searching for ejb-jar.xml in C:\AntExample1\WebContent\WEB-INF<-Sep->
<-Start->2017-04-18 15:47:16,004<-Sep->WARN<-Sep->com.ibm.appscan.frameworks.highlevelapi.ejb2xhandler.Ejb2xHandler<-Sep->com.ibm.appscan.frameworks.highlevelapi.ejb2xhandler.Ejb2xHandler.findEJBConfigLocations(Ejb2xHandler.java:159)<-Sep->Missing ejb-jar.xml in C:\AntExample1\WebContent\WEB-INF<-Sep->
<-Start->2017-04-18 15:47:16,005<-Sep->INFO<-Sep->com.ibm.appscan.frameworks.highlevelapi.ejb2xhandler.Ejb2xHandler<-Sep->com.ibm.appscan.frameworks.highlevelapi.ejb2xhandler.Ejb2xHandler.isApplicable(Ejb2xHandler.java:124)<-Sep->File ejb-jar.xml does not exist<-Sep->
<-Start->2017-04-18 15:47:16,005<-Sep->INFO<-Sep->com.ibm.appscan.frameworks.highlevelapi.ejb2xhandler.Ejb2xHandler<-Sep->com.ibm.appscan.frameworks.highlevelapi.ejb2xhandler.Ejb2xHandler.isApplicable(Ejb2xHandler.java:125)<-Sep->isApplicable() returns false<-Sep->
<-Start->2017-04-18 15:47:16,005<-Sep->INFO<-Sep->com.ibm.appscan.frameworks.highlevelapi.ejb2xhandler.Ejb2xHandler<-Sep->com.ibm.appscan.frameworks.highlevelapi.ejb2xhandler.Ejb2xHandler.isApplicable(Ejb2xHandler.java:126)<-Sep->Framework handler EJB2X ends<-Sep->
<-Start->2017-04-18 15:47:16,005<-Sep->INFO<-Sep->com.ibm.appscan.frameworks.highlevelapi.jaxhandler.internal.handlers.JAXHandler<-Sep->com.ibm.appscan.frameworks.highlevelapi.jaxhandler.internal.handlers.JAXHandler.isApplicable(JAXHandler.java:71)<-Sep->Framework handler JAX-RS running isApplicable()<-Sep->
<-Start->2017-04-18 15:47:16,005<-Sep->INFO<-Sep->com.ibm.appscan.frameworks.highlevelapi.jaxhandler.internal.handlers.JAXHandler<-Sep->com.ibm.appscan.frameworks.highlevelapi.jaxhandler.internal.handlers.JAXHandler.isApplicable(JAXHandler.java:76)<-Sep->isApplicable() returns true<-Sep->
<-Start->2017-04-18 15:47:16,006<-Sep->INFO<-Sep->com.ibm.appscan.frameworks.highlevelapi.jaxhandler.internal.handlers.JAXHandler<-Sep->com.ibm.appscan.frameworks.highlevelapi.jaxhandler.internal.handlers.JAXHandler.handleApp(JAXHandler.java:39)<-Sep->Failed to find javax.ws.rs.Path<-Sep->
<-Start->2017-04-18 15:47:16,006<-Sep->INFO<-Sep->com.ibm.appscan.frameworks.highlevelapi.jaxhandler.internal.handlers.JAXHandler<-Sep->com.ibm.appscan.frameworks.highlevelapi.jaxhandler.internal.handlers.JAXHandler.handleApp(JAXHandler.java:40)<-Sep->Framework handler JAX-RS ends<-Sep->
<-Start->2017-04-18 15:47:16,006<-Sep->INFO<-Sep->com.ibm.appscan.frameworks.jaxwshandler.JAXWSHandler<-Sep->com.ibm.appscan.frameworks.jaxwshandler.JAXWSHandler.isApplicable(JAXWSHandler.java:100)<-Sep->Framework handler JAXWS running isApplicable()<-Sep->
<-Start->2017-04-18 15:47:16,006<-Sep->INFO<-Sep->com.ibm.appscan.frameworks.jaxwshandler.JAXWSHandler<-Sep->com.ibm.appscan.frameworks.jaxwshandler.JAXWSHandler.isApplicable(JAXWSHandler.java:105)<-Sep->isApplicable() returns true<-Sep->
<-Start->2017-04-18 15:47:16,006<-Sep->INFO<-Sep->com.ibm.appscan.frameworks.jaxwshandler.JAXWSHandler<-Sep->com.ibm.appscan.frameworks.jaxwshandler.JAXWSHandler.handleApp(JAXWSHandler.java:37)<-Sep->Framework handler JAXWS running handleApp()<-Sep->
<-Start->2017-04-18 15:47:16,007<-Sep->INFO<-Sep->com.ibm.appscan.frameworks.jaxwshandler.JAXWSHandler<-Sep->com.ibm.appscan.frameworks.jaxwshandler.JAXWSHandler.findWebServiceClasses(JAXWSHandler.java:79)<-Sep->Examining class LAntExp/jsp/userSuccess_jsp<-Sep->
<-Start->2017-04-18 15:47:16,007<-Sep->INFO<-Sep->com.ibm.appscan.frameworks.jaxwshandler.JAXWSHandler<-Sep->com.ibm.appscan.frameworks.jaxwshandler.JAXWSHandler.handleApp(JAXWSHandler.java:42)<-Sep->Framework handler JAXWS ends<-Sep->
